<?xml version="1.0" encoding="UTF-8"?>
<!-- Generated by org.testng.reporters.JUnitReportReporter -->
<testsuite hostname="Rushikesh" failures="0" tests="6" name="com.loginPageTest.LoginPageFunctionaltyTest" time="8.982" errors="0" timestamp="2023-03-26T19:28:48 IST" skipped="0">
  <testcase classname="com.loginPageTest.LoginPageFunctionaltyTest" name="setup" time="7.020"/>
  <system-out/>
  <testcase classname="com.loginPageTest.LoginPageFunctionaltyTest" name="testTitle" time="0.064"/>
  <system-out/>
  <testcase classname="com.loginPageTest.LoginPageFunctionaltyTest" name="testURL" time="0.023"/>
  <system-out/>
  <testcase classname="com.loginPageTest.LoginPageFunctionaltyTest" name="testlogo1Display" time="0.078"/>
  <system-out/>
  <testcase classname="com.loginPageTest.LoginPageFunctionaltyTest" name="testlogo2Display" time="0.047"/>
  <system-out/>
  <testcase classname="com.loginPageTest.LoginPageFunctionaltyTest" name="testLoginFunctionality" time="1.750"/>
  <system-out/>
</testsuite> <!-- com.loginPageTest.LoginPageFunctionaltyTest -->
